Arguments: 
  /usr/local/Cellar/node/15.0.1/bin/node /usr/local/Cellar/yarn/1.22.10/libexec/bin/yarn.js add @types/react-use-dimensions

PATH: 
  /usr/local/opt/go/libexec/bin:/usr/local/opt/libxml2/bin:/usr/local/opt/libxml2/bin:/usr/local/sbin:/Users/jaykhatri/../Cellar/python/3.6.5/bin/python3:/Users/jaykhatri/go/src/bin:~/Applications/calibre.app/Contents/MacOS/:/Users/jaykhatri/.rbenv/shims:/Users/jaykhatri/.rbenv/bin:/Users/jaykhatri/.cargo/bin:/usr/local/bin:/usr/bin:/bin:/usr/sbin:/sbin:/usr/local/opt/libxml2/bin:/usr/local/sbin:/Users/jaykhatri/../Cellar/python/3.6.5/bin/python3:/Users/jaykhatri/go/src/bin:~/Applications/calibre.app/Contents/MacOS/:/Users/jaykhatri/.rbenv/shims:/Users/jaykhatri/.rbenv/bin:/Users/jaykhatri/.cargo/bin:/Users/jaykhatri/go/src:/Users/jaykhatri/go/bin:/Users/jaykhatri/.local/bin:/usr/local/opt/go/libexec/bin:/Users/jaykhatri/glib/tetgen/build:/usr/local/mongodb/bin:/Users/jaykhatri/.rvm/bin:/Users/jaykhatri/.fzf/bin:/Users/jaykhatri/go/src:/Users/jaykhatri/go/bin:/Users/jaykhatri/.local/bin:/Users/jaykhatri/go/src/bin:/Users/jaykhatri/go/src/bin:/usr/local/opt/go/libexec/bin:/Users/jaykhatri/glib/tetgen/build:/usr/local/mongodb/bin:/Users/jaykhatri/.rvm/bin

Yarn version: 
  1.22.10

Node version: 
  15.0.1

Platform: 
  darwin x64

Trace: 
  Error: https://registry.yarnpkg.com/@types%2freact-use-dimensions: Not found
      at Request.params.callback [as _callback] (/usr/local/Cellar/yarn/1.22.10/libexec/lib/cli.js:66988:18)
      at Request.self.callback (/usr/local/Cellar/yarn/1.22.10/libexec/lib/cli.js:140749:22)
      at Request.emit (node:events:327:20)
      at Request.<anonymous> (/usr/local/Cellar/yarn/1.22.10/libexec/lib/cli.js:141721:10)
      at Request.emit (node:events:327:20)
      at IncomingMessage.<anonymous> (/usr/local/Cellar/yarn/1.22.10/libexec/lib/cli.js:141643:12)
      at Object.onceWrapper (node:events:433:28)
      at IncomingMessage.emit (node:events:339:22)
      at endReadableNT (node:internal/streams/readable:1289:12)
      at processTicksAndRejections (node:internal/process/task_queues:80:21)

npm manifest: 
  {
    "dependencies": {
      "react-use-dimensions": "^1.2.1"
    }
  }

yarn manifest: 
  No manifest

Lockfile: 
  # THIS IS AN AUTOGENERATED FILE. DO NOT EDIT THIS FILE DIRECTLY.
  # yarn lockfile v1
  
  
  react-use-dimensions@^1.2.1:
    version "1.2.1"
    resolved "https://registry.yarnpkg.com/react-use-dimensions/-/react-use-dimensions-1.2.1.tgz#eb1561db7b06c393209d2bffa449931dd93f7870"
    integrity sha512-XL+Rup9Hosxx3Ap9xpyQMbVwuUa4BSqiOjfBb2zDuGs4uv2FesFV+m8Z/huRx2BNptMd9ARPqFuSNA62zhCozg==
